2026-03-09 09:26:31 - INFO - Skipping datasets as data/datasets already exists.
2026-03-09 09:26:32 - ERROR - Error loading graph for round 1: No module named 'workspace.LiveCodeBench.workflows.round_1.graph'
2026-03-09 09:26:32 - INFO - Error occurred: No module named 'workspace.LiveCodeBench.workflows.round_1.graph'. Retrying... (Attempt 1/1)
2026-03-09 09:26:32 - INFO - Max retries reached. Moving to next round.
2026-03-09 09:26:37 - INFO - Score for round 2: None
2026-03-09 09:26:41 - ERROR - Error loading scores from workspace/LiveCodeBench/workflows/results.json: 'round'
2026-03-09 09:26:41 - INFO - Error occurred: Item list is empty.. Retrying... (Attempt 1/1)
2026-03-09 09:26:41 - INFO - Max retries reached. Moving to next round.
2026-03-09 09:26:46 - INFO - Score for round 3: None
2026-03-09 09:26:51 - ERROR - Error loading scores from workspace/LiveCodeBench/workflows/results.json: 'round'
2026-03-09 09:26:51 - INFO - Error occurred: Item list is empty.. Retrying... (Attempt 1/1)
2026-03-09 09:26:51 - INFO - Max retries reached. Moving to next round.
2026-03-09 09:27:12 - INFO - Skipping datasets as data/datasets already exists.
2026-03-09 09:27:12 - WARNING - Failed to decode JSON from workspace/HumanEval/workflows/results.json
2026-03-09 09:27:22 - INFO - Results saved to workspace/HumanEval/workflows/round_1/0.90909_20260309_092722.csv
2026-03-09 09:27:22 - INFO - Average score on HumanEval dataset: 0.90909
2026-03-09 09:27:22 - INFO - Total Cost: 0.00000
2026-03-09 09:27:22 - INFO - 
Mixed probability distribution: [1.]
2026-03-09 09:27:22 - INFO - 
Sorted rounds: [{'round': 1, 'score': 0.9090909090909091}]
2026-03-09 09:27:22 - INFO - 
Selected index: 0, Selected item: {'round': 1, 'score': 0.9090909090909091}
2026-03-09 09:27:22 - INFO - Processed experience data saved to workspace/HumanEval/workflows/processed_experience.json
2026-03-09 09:27:22 - INFO - Loading log from: workspace/HumanEval/workflows/round_1/log.json
2026-03-09 09:28:50 - INFO - Graph optimization response received successfully
2026-03-09 09:28:50 - INFO - workspace/HumanEval/workflows/round_2
2026-03-09 09:29:45 - INFO - Results saved to workspace/HumanEval/workflows/round_2/0.93939_20260309_092945.csv
2026-03-09 09:29:45 - INFO - Average score on HumanEval dataset: 0.93939
2026-03-09 09:29:45 - INFO - Total Cost: 0.00000
2026-03-09 09:29:45 - INFO - Score for round 2: 0.9393939393939394
2026-03-09 09:29:49 - INFO - 
Mixed probability distribution: [1.]
2026-03-09 09:29:49 - INFO - 
Sorted rounds: [{'round': 2, 'score': 0.9393939393939394}]
2026-03-09 09:29:49 - INFO - 
Selected index: 0, Selected item: {'round': 2, 'score': 0.9393939393939394}
2026-03-09 09:29:49 - INFO - Processed experience data saved to workspace/HumanEval/workflows/processed_experience.json
2026-03-09 09:29:49 - INFO - Loading log from: workspace/HumanEval/workflows/round_2/log.json
2026-03-09 09:32:39 - INFO - Graph optimization response received successfully
2026-03-09 09:32:39 - INFO - workspace/HumanEval/workflows/round_3
2026-03-09 09:35:32 - INFO - Results saved to workspace/HumanEval/workflows/round_3/0.93939_20260309_093532.csv
2026-03-09 09:35:32 - INFO - Average score on HumanEval dataset: 0.93939
2026-03-09 09:35:32 - INFO - Total Cost: 0.00000
2026-03-09 09:35:32 - INFO - Score for round 3: 0.9393939393939394
2026-03-09 09:35:36 - INFO - 
Mixed probability distribution: [1.]
2026-03-09 09:35:36 - INFO - 
Sorted rounds: [{'round': 2, 'score': 0.9393939393939394}]
2026-03-09 09:35:36 - INFO - 
Selected index: 0, Selected item: {'round': 2, 'score': 0.9393939393939394}
2026-03-09 09:35:36 - INFO - Processed experience data saved to workspace/HumanEval/workflows/processed_experience.json
2026-03-09 09:35:36 - INFO - Loading log from: workspace/HumanEval/workflows/round_2/log.json
2026-03-09 09:40:40 - INFO - Graph optimization response received successfully
2026-03-09 09:40:40 - INFO - workspace/HumanEval/workflows/round_4
2026-03-09 09:45:36 - INFO - Timeout error. Skipping this sample.
2026-03-09 09:45:36 - INFO - Results saved to workspace/HumanEval/workflows/round_4/0.93939_20260309_094536.csv
2026-03-09 09:45:36 - INFO - Average score on HumanEval dataset: 0.93939
2026-03-09 09:45:36 - INFO - Total Cost: 0.00000
2026-03-09 09:45:36 - INFO - Score for round 4: 0.9393939393939394
2026-03-09 09:45:41 - INFO - 
Mixed probability distribution: [1.]
2026-03-09 09:45:41 - INFO - 
Sorted rounds: [{'round': 2, 'score': 0.9393939393939394}]
2026-03-09 09:45:41 - INFO - 
Selected index: 0, Selected item: {'round': 2, 'score': 0.9393939393939394}
2026-03-09 09:45:41 - INFO - Processed experience data saved to workspace/HumanEval/workflows/processed_experience.json
2026-03-09 09:45:41 - INFO - Loading log from: workspace/HumanEval/workflows/round_2/log.json
2026-03-09 09:47:31 - INFO - Graph optimization response received successfully
2026-03-09 09:47:31 - INFO - workspace/HumanEval/workflows/round_5
2026-03-09 09:52:27 - INFO - Results saved to workspace/HumanEval/workflows/round_5/0.93939_20260309_095227.csv
2026-03-09 09:52:27 - INFO - Average score on HumanEval dataset: 0.93939
2026-03-09 09:52:27 - INFO - Total Cost: 0.00000
2026-03-09 09:52:27 - INFO - Score for round 5: 0.9393939393939394
2026-03-09 09:52:32 - INFO - 
Mixed probability distribution: [1.]
2026-03-09 09:52:32 - INFO - 
Sorted rounds: [{'round': 2, 'score': 0.9393939393939394}]
2026-03-09 09:52:32 - INFO - 
Selected index: 0, Selected item: {'round': 2, 'score': 0.9393939393939394}
2026-03-09 09:52:32 - INFO - Processed experience data saved to workspace/HumanEval/workflows/processed_experience.json
2026-03-09 09:52:32 - INFO - Loading log from: workspace/HumanEval/workflows/round_2/log.json
2026-03-09 09:54:57 - INFO - Graph optimization response received successfully
2026-03-09 09:54:57 - INFO - workspace/HumanEval/workflows/round_6
2026-03-09 09:59:52 - INFO - Timeout error. Skipping this sample.
2026-03-09 09:59:53 - INFO - Results saved to workspace/HumanEval/workflows/round_6/0.93939_20260309_095953.csv
2026-03-09 09:59:53 - INFO - Average score on HumanEval dataset: 0.93939
2026-03-09 09:59:53 - INFO - Total Cost: 0.00000
2026-03-09 09:59:53 - INFO - Score for round 6: 0.9393939393939394
2026-03-09 09:59:58 - INFO - 
Mixed probability distribution: [1.]
2026-03-09 09:59:58 - INFO - 
Sorted rounds: [{'round': 2, 'score': 0.9393939393939394}]
2026-03-09 09:59:58 - INFO - 
Selected index: 0, Selected item: {'round': 2, 'score': 0.9393939393939394}
2026-03-09 09:59:58 - INFO - Processed experience data saved to workspace/HumanEval/workflows/processed_experience.json
2026-03-09 09:59:58 - INFO - Loading log from: workspace/HumanEval/workflows/round_2/log.json
2026-03-09 10:03:28 - INFO - Graph optimization response received successfully
2026-03-09 10:03:29 - INFO - 
Mixed probability distribution: [1.]
2026-03-09 10:03:29 - INFO - 
Sorted rounds: [{'round': 2, 'score': 0.9393939393939394}]
2026-03-09 10:03:28 - INFO - 
Selected index: 0, Selected item: {'round': 2, 'score': 0.9393939393939394}
2026-03-09 10:03:28 - INFO - Processed experience data saved to workspace/HumanEval/workflows/processed_experience.json
2026-03-09 10:03:28 - INFO - Loading log from: workspace/HumanEval/workflows/round_2/log.json
2026-03-09 10:04:54 - INFO - Graph optimization response received successfully
2026-03-09 10:04:54 - INFO - workspace/HumanEval/workflows/round_7
2026-03-09 10:09:50 - INFO - Timeout error. Skipping this sample.
2026-03-09 10:09:50 - INFO - Timeout error. Skipping this sample.
2026-03-09 10:09:50 - INFO - Results saved to workspace/HumanEval/workflows/round_7/0.93939_20260309_100950.csv
2026-03-09 10:09:50 - INFO - Average score on HumanEval dataset: 0.93939
2026-03-09 10:09:50 - INFO - Total Cost: 0.00000
2026-03-09 10:09:50 - INFO - Score for round 7: 0.9393939393939394
2026-03-09 10:09:55 - INFO - 
Mixed probability distribution: [1.]
2026-03-09 10:09:55 - INFO - 
Sorted rounds: [{'round': 2, 'score': 0.9393939393939394}]
2026-03-09 10:09:55 - INFO - 
Selected index: 0, Selected item: {'round': 2, 'score': 0.9393939393939394}
2026-03-09 10:09:55 - INFO - Processed experience data saved to workspace/HumanEval/workflows/processed_experience.json
2026-03-09 10:09:55 - INFO - Loading log from: workspace/HumanEval/workflows/round_2/log.json
2026-03-09 10:11:56 - INFO - Graph optimization response received successfully
2026-03-09 10:11:56 - INFO - workspace/HumanEval/workflows/round_8
2026-03-09 10:16:53 - INFO - Timeout error. Skipping this sample.
2026-03-09 10:16:53 - INFO - Timeout error. Skipping this sample.
2026-03-09 10:16:53 - INFO - Results saved to workspace/HumanEval/workflows/round_8/0.93939_20260309_101653.csv
2026-03-09 10:16:53 - INFO - Average score on HumanEval dataset: 0.93939
2026-03-09 10:16:53 - INFO - Total Cost: 0.00000
2026-03-09 10:16:53 - INFO - Score for round 8: 0.9393939393939394
2026-03-09 10:16:58 - INFO - 
Mixed probability distribution: [1.]
2026-03-09 10:16:58 - INFO - 
Sorted rounds: [{'round': 2, 'score': 0.9393939393939394}]
2026-03-09 10:16:58 - INFO - 
Selected index: 0, Selected item: {'round': 2, 'score': 0.9393939393939394}
2026-03-09 10:16:58 - INFO - Processed experience data saved to workspace/HumanEval/workflows/processed_experience.json
2026-03-09 10:16:58 - INFO - Loading log from: workspace/HumanEval/workflows/round_2/log.json
2026-03-09 10:18:43 - INFO - Graph optimization response received successfully
2026-03-09 10:18:43 - INFO - workspace/HumanEval/workflows/round_9
2026-03-09 10:23:40 - INFO - Timeout error. Skipping this sample.
2026-03-09 10:23:40 - INFO - Results saved to workspace/HumanEval/workflows/round_9/0.93939_20260309_102340.csv
2026-03-09 10:23:40 - INFO - Average score on HumanEval dataset: 0.93939
2026-03-09 10:23:40 - INFO - Total Cost: 0.00000
2026-03-09 10:23:40 - INFO - Score for round 9: 0.9393939393939394
2026-03-09 10:23:40 - INFO - Convergence detected, occurred in round 4, final round is 8
2026-03-09 10:23:40 - INFO - Round 1: Average Score = 0.9091, Standard Deviation = 0.0000
2026-03-09 10:23:40 - INFO - Round 2: Average Score = 0.9394, Standard Deviation = 0.0000
2026-03-09 10:23:40 - INFO - Round 3: Average Score = 0.9394, Standard Deviation = 0.0000
2026-03-09 10:23:40 - INFO - Round 4: Average Score = 0.9394, Standard Deviation = 0.0000
2026-03-09 10:23:40 - INFO - Round 5: Average Score = 0.9394, Standard Deviation = 0.0000
2026-03-09 10:23:40 - INFO - Round 6: Average Score = 0.9394, Standard Deviation = 0.0000
2026-03-09 10:23:40 - INFO - Round 7: Average Score = 0.9394, Standard Deviation = 0.0000
2026-03-09 10:23:40 - INFO - Round 8: Average Score = 0.9394, Standard Deviation = 0.0000
2026-03-09 10:23:40 - INFO - Round 9: Average Score = 0.9394, Standard Deviation = 0.0000
2026-03-09 11:21:14 - INFO - Skipping datasets as data/datasets already exists.
2026-03-09 11:21:15 - WARNING - Failed to decode JSON from workspace/MATH/workflows/results.json
2026-03-09 11:24:26 - INFO - Results saved to workspace/MATH/workflows/round_1/0.84874_20260309_112426.csv
2026-03-09 11:24:26 - INFO - Average score on MATH dataset: 0.84874
2026-03-09 11:24:26 - INFO - Total Cost: 0.00000
2026-03-09 11:24:26 - INFO - 
Mixed probability distribution: [1.]
2026-03-09 11:24:26 - INFO - 
Sorted rounds: [{'round': 1, 'score': 0.8487394957983193}]
2026-03-09 11:24:26 - INFO - 
Selected index: 0, Selected item: {'round': 1, 'score': 0.8487394957983193}
2026-03-09 11:24:26 - INFO - Processed experience data saved to workspace/MATH/workflows/processed_experience.json
2026-03-09 11:24:26 - INFO - Loading log from: workspace/MATH/workflows/round_1/log.json
2026-03-09 11:27:00 - INFO - Graph optimization response received successfully
2026-03-09 11:27:00 - INFO - workspace/MATH/workflows/round_2
2026-03-09 11:36:57 - INFO - Results saved to workspace/MATH/workflows/round_2/0.84034_20260309_113657.csv
2026-03-09 11:36:57 - INFO - Average score on MATH dataset: 0.84034
2026-03-09 11:36:57 - INFO - Total Cost: 0.00000
2026-03-09 11:36:57 - INFO - Score for round 2: 0.8403361344537815
2026-03-09 11:37:01 - INFO - 
Mixed probability distribution: [1.]
2026-03-09 11:37:01 - INFO - 
Sorted rounds: [{'round': 1, 'score': 0.8487394957983193}]
2026-03-09 11:37:01 - INFO - 
Selected index: 0, Selected item: {'round': 1, 'score': 0.8487394957983193}
2026-03-09 11:37:01 - INFO - Processed experience data saved to workspace/MATH/workflows/processed_experience.json
2026-03-09 11:37:01 - INFO - Loading log from: workspace/MATH/workflows/round_1/log.json
2026-03-09 11:39:58 - INFO - Graph optimization response received successfully
2026-03-09 11:39:58 - INFO - workspace/MATH/workflows/round_3
2026-03-09 11:45:21 - INFO - Results saved to workspace/MATH/workflows/round_3/0.00000_20260309_114521.csv
2026-03-09 11:45:21 - INFO - Average score on MATH dataset: 0.00000
2026-03-09 11:45:21 - INFO - Total Cost: 0.00000
2026-03-09 11:45:21 - INFO - Score for round 3: 0.0
2026-03-09 11:45:26 - INFO - 
Mixed probability distribution: [1.]
2026-03-09 11:45:26 - INFO - 
Sorted rounds: [{'round': 1, 'score': 0.8487394957983193}]
2026-03-09 11:45:26 - INFO - 
Selected index: 0, Selected item: {'round': 1, 'score': 0.8487394957983193}
2026-03-09 11:45:26 - INFO - Processed experience data saved to workspace/MATH/workflows/processed_experience.json
2026-03-09 11:45:26 - INFO - Loading log from: workspace/MATH/workflows/round_1/log.json
2026-03-09 11:47:00 - INFO - Graph optimization response received successfully
2026-03-09 11:47:00 - INFO - workspace/MATH/workflows/round_4
2026-03-09 11:51:39 - INFO - Results saved to workspace/MATH/workflows/round_4/0.83193_20260309_115139.csv
2026-03-09 11:51:39 - INFO - Average score on MATH dataset: 0.83193
2026-03-09 11:51:39 - INFO - Total Cost: 0.00000
2026-03-09 11:51:39 - INFO - Score for round 4: 0.8319327731092437
2026-03-09 11:51:43 - INFO - 
Mixed probability distribution: [1.]
2026-03-09 11:51:43 - INFO - 
Sorted rounds: [{'round': 1, 'score': 0.8487394957983193}]
2026-03-09 11:51:43 - INFO - 
Selected index: 0, Selected item: {'round': 1, 'score': 0.8487394957983193}
2026-03-09 11:51:43 - INFO - Processed experience data saved to workspace/MATH/workflows/processed_experience.json
2026-03-09 11:51:43 - INFO - Loading log from: workspace/MATH/workflows/round_1/log.json
2026-03-09 11:55:13 - INFO - Graph optimization response received successfully
2026-03-09 11:55:13 - INFO - Error occurred: invalid syntax (prompt.py, line 2). Retrying... (Attempt 1/1)
2026-03-09 11:55:13 - INFO - Max retries reached. Moving to next round.
2026-03-09 11:55:18 - INFO - Score for round 5: None
2026-03-09 11:55:22 - INFO - 
Mixed probability distribution: [1.]
2026-03-09 11:55:22 - INFO - 
Sorted rounds: [{'round': 1, 'score': 0.8487394957983193}]
2026-03-09 11:55:22 - INFO - 
Selected index: 0, Selected item: {'round': 1, 'score': 0.8487394957983193}
2026-03-09 11:55:22 - INFO - Processed experience data saved to workspace/MATH/workflows/processed_experience.json
2026-03-09 11:55:22 - INFO - Loading log from: workspace/MATH/workflows/round_1/log.json
2026-03-09 11:58:37 - INFO - Graph optimization response received successfully
2026-03-09 11:58:37 - INFO - workspace/MATH/workflows/round_6
2026-03-09 12:02:44 - INFO - Results saved to workspace/MATH/workflows/round_6/0.82353_20260309_120244.csv
2026-03-09 12:02:44 - INFO - Average score on MATH dataset: 0.82353
2026-03-09 12:02:44 - INFO - Total Cost: 0.00000
2026-03-09 12:02:44 - INFO - Score for round 6: 0.8235294117647058
2026-03-09 12:02:50 - INFO - 
Mixed probability distribution: [1.]
2026-03-09 12:02:50 - INFO - 
Sorted rounds: [{'round': 1, 'score': 0.8487394957983193}]
2026-03-09 12:02:50 - INFO - 
Selected index: 0, Selected item: {'round': 1, 'score': 0.8487394957983193}
2026-03-09 12:02:50 - INFO - Processed experience data saved to workspace/MATH/workflows/processed_experience.json
2026-03-09 12:02:50 - INFO - Loading log from: workspace/MATH/workflows/round_1/log.json
2026-03-09 12:05:23 - INFO - Graph optimization response received successfully
2026-03-09 12:05:23 - INFO - workspace/MATH/workflows/round_7
