2026-04-03 17:05:46 - INFO - baseline summary saved to experiments/humaneval_memory_smoke/baseline/summary.json
2026-04-03 17:05:50 - INFO - [WorkflowMemory] {"workflow_name": "HumanEval_round_9_explicit", "task_id": "HumanEval/135", "entry_point": "can_arrange", "memory_keys": ["stored_solutions"], "memory_summary": {"stored_solutions": {"count": 1, "total_char_length": 467, "latest_char_length": 467}}, "used_memory_keys": []}
2026-04-03 17:05:50 - INFO - explicit summary saved to experiments/humaneval_memory_smoke/explicit/summary.json
2026-04-03 17:05:50 - INFO - comparison saved to experiments/humaneval_memory_smoke/comparison.json
2026-04-03 17:06:14 - INFO - baseline summary saved to experiments/humaneval_memory_round9_compare5/baseline/summary.json
2026-04-03 17:06:17 - INFO - [WorkflowMemory] {"workflow_name": "HumanEval_round_9_explicit", "task_id": "HumanEval/135", "entry_point": "can_arrange", "memory_keys": ["stored_solutions"], "memory_summary": {"stored_solutions": {"count": 1, "total_char_length": 389, "latest_char_length": 389}}, "used_memory_keys": []}
2026-04-03 17:06:21 - INFO - [WorkflowMemory] {"workflow_name": "HumanEval_round_9_explicit", "task_id": "HumanEval/115", "entry_point": "max_fill", "memory_keys": ["stored_solutions"], "memory_summary": {"stored_solutions": {"count": 1, "total_char_length": 196, "latest_char_length": 196}}, "used_memory_keys": []}
2026-04-03 17:06:24 - INFO - [WorkflowMemory] {"workflow_name": "HumanEval_round_9_explicit", "task_id": "HumanEval/131", "entry_point": "digits", "memory_keys": ["stored_solutions"], "memory_summary": {"stored_solutions": {"count": 1, "total_char_length": 210, "latest_char_length": 210}}, "used_memory_keys": []}
2026-04-03 17:06:27 - INFO - [WorkflowMemory] {"workflow_name": "HumanEval_round_9_explicit", "task_id": "HumanEval/55", "entry_point": "fib", "memory_keys": ["stored_solutions"], "memory_summary": {"stored_solutions": {"count": 1, "total_char_length": 242, "latest_char_length": 242}}, "used_memory_keys": []}
2026-04-03 17:06:30 - INFO - [WorkflowMemory] {"workflow_name": "HumanEval_round_9_explicit", "task_id": "HumanEval/95", "entry_point": "check_dict_case", "memory_keys": ["stored_solutions"], "memory_summary": {"stored_solutions": {"count": 1, "total_char_length": 252, "latest_char_length": 252}}, "used_memory_keys": []}
2026-04-03 17:06:30 - INFO - explicit summary saved to experiments/humaneval_memory_round9_compare5/explicit/summary.json
2026-04-03 17:06:30 - INFO - comparison saved to experiments/humaneval_memory_round9_compare5/comparison.json
2026-04-03 17:06:53 - INFO - [WorkflowMemory] {"workflow_name": "HumanEval_round_9_explicit", "task_id": "HumanEval/135", "entry_point": "can_arrange", "memory_keys": ["stored_solutions"], "memory_summary": {"stored_solutions": {"count": 1, "total_char_length": 129, "latest_char_length": 129}}, "used_memory_keys": []}
2026-04-03 17:06:59 - INFO - [WorkflowMemory] {"workflow_name": "HumanEval_round_9_explicit", "task_id": "HumanEval/115", "entry_point": "max_fill", "memory_keys": ["stored_solutions"], "memory_summary": {"stored_solutions": {"count": 1, "total_char_length": 131, "latest_char_length": 131}}, "used_memory_keys": []}
2026-04-03 17:07:03 - INFO - [WorkflowMemory] {"workflow_name": "HumanEval_round_9_explicit", "task_id": "HumanEval/131", "entry_point": "digits", "memory_keys": ["stored_solutions"], "memory_summary": {"stored_solutions": {"count": 1, "total_char_length": 407, "latest_char_length": 407}}, "used_memory_keys": []}
2026-04-03 17:07:05 - INFO - [WorkflowMemory] {"workflow_name": "HumanEval_round_9_explicit", "task_id": "HumanEval/55", "entry_point": "fib", "memory_keys": ["stored_solutions"], "memory_summary": {"stored_solutions": {"count": 1, "total_char_length": 313, "latest_char_length": 313}}, "used_memory_keys": []}
2026-04-03 17:07:08 - INFO - [WorkflowMemory] {"workflow_name": "HumanEval_round_9_explicit", "task_id": "HumanEval/95", "entry_point": "check_dict_case", "memory_keys": ["stored_solutions"], "memory_summary": {"stored_solutions": {"count": 1, "total_char_length": 468, "latest_char_length": 468}}, "used_memory_keys": []}
2026-04-03 17:07:10 - INFO - [WorkflowMemory] {"workflow_name": "HumanEval_round_9_explicit", "task_id": "HumanEval/29", "entry_point": "filter_by_prefix", "memory_keys": ["stored_solutions"], "memory_summary": {"stored_solutions": {"count": 1, "total_char_length": 365, "latest_char_length": 365}}, "used_memory_keys": []}
2026-04-03 17:07:13 - INFO - [WorkflowMemory] {"workflow_name": "HumanEval_round_9_explicit", "task_id": "HumanEval/157", "entry_point": "right_angle_triangle", "memory_keys": ["stored_solutions"], "memory_summary": {"stored_solutions": {"count": 1, "total_char_length": 469, "latest_char_length": 469}}, "used_memory_keys": []}
2026-04-03 17:07:16 - INFO - [WorkflowMemory] {"workflow_name": "HumanEval_round_9_explicit", "task_id": "HumanEval/51", "entry_point": "remove_vowels", "memory_keys": ["stored_solutions"], "memory_summary": {"stored_solutions": {"count": 1, "total_char_length": 469, "latest_char_length": 469}}, "used_memory_keys": []}
2026-04-03 17:07:22 - INFO - [WorkflowMemory] {"workflow_name": "HumanEval_round_9_explicit", "task_id": "HumanEval/101", "entry_point": "words_string", "memory_keys": ["stored_solutions"], "memory_summary": {"stored_solutions": {"count": 1, "total_char_length": 102, "latest_char_length": 102}}, "used_memory_keys": []}
2026-04-03 17:07:52 - INFO - [WorkflowMemory] {"workflow_name": "HumanEval_round_9_explicit", "task_id": "HumanEval/145", "entry_point": "order_by_points", "memory_keys": ["stored_solutions"], "memory_summary": {"stored_solutions": {"count": 3, "total_char_length": 542, "latest_char_length": 168}}, "used_memory_keys": ["stored_solutions"]}
2026-04-03 17:07:57 - INFO - [WorkflowMemory] {"workflow_name": "HumanEval_round_9_explicit", "task_id": "HumanEval/19", "entry_point": "sort_numbers", "memory_keys": ["stored_solutions"], "memory_summary": {"stored_solutions": {"count": 1, "total_char_length": 634, "latest_char_length": 634}}, "used_memory_keys": []}
2026-04-03 17:07:59 - INFO - [WorkflowMemory] {"workflow_name": "HumanEval_round_9_explicit", "task_id": "HumanEval/85", "entry_point": "add", "memory_keys": ["stored_solutions"], "memory_summary": {"stored_solutions": {"count": 1, "total_char_length": 187, "latest_char_length": 187}}, "used_memory_keys": []}
2026-04-03 17:08:02 - INFO - [WorkflowMemory] {"workflow_name": "HumanEval_round_9_explicit", "task_id": "HumanEval/15", "entry_point": "string_sequence", "memory_keys": ["stored_solutions"], "memory_summary": {"stored_solutions": {"count": 1, "total_char_length": 269, "latest_char_length": 269}}, "used_memory_keys": []}
2026-04-03 17:08:05 - INFO - [WorkflowMemory] {"workflow_name": "HumanEval_round_9_explicit", "task_id": "HumanEval/66", "entry_point": "digitSum", "memory_keys": ["stored_solutions"], "memory_summary": {"stored_solutions": {"count": 1, "total_char_length": 76, "latest_char_length": 76}}, "used_memory_keys": []}
2026-04-03 17:08:08 - INFO - [WorkflowMemory] {"workflow_name": "HumanEval_round_9_explicit", "task_id": "HumanEval/24", "entry_point": "largest_divisor", "memory_keys": ["stored_solutions"], "memory_summary": {"stored_solutions": {"count": 1, "total_char_length": 247, "latest_char_length": 247}}, "used_memory_keys": []}
2026-04-03 17:08:13 - INFO - [WorkflowMemory] {"workflow_name": "HumanEval_round_9_explicit", "task_id": "HumanEval/30", "entry_point": "get_positive", "memory_keys": ["stored_solutions"], "memory_summary": {"stored_solutions": {"count": 1, "total_char_length": 262, "latest_char_length": 262}}, "used_memory_keys": []}
2026-04-03 17:08:46 - INFO - [WorkflowMemory] {"workflow_name": "HumanEval_round_9_explicit", "task_id": "HumanEval/132", "entry_point": "is_nested", "memory_keys": ["stored_solutions"], "memory_summary": {"stored_solutions": {"count": 3, "total_char_length": 911, "latest_char_length": 314}}, "used_memory_keys": ["stored_solutions"]}
2026-04-03 17:08:52 - INFO - [WorkflowMemory] {"workflow_name": "HumanEval_round_9_explicit", "task_id": "HumanEval/105", "entry_point": "by_length", "memory_keys": ["stored_solutions"], "memory_summary": {"stored_solutions": {"count": 1, "total_char_length": 320, "latest_char_length": 320}}, "used_memory_keys": []}
2026-04-03 17:08:55 - INFO - [WorkflowMemory] {"workflow_name": "HumanEval_round_9_explicit", "task_id": "HumanEval/152", "entry_point": "compare", "memory_keys": ["stored_solutions"], "memory_summary": {"stored_solutions": {"count": 1, "total_char_length": 78, "latest_char_length": 78}}, "used_memory_keys": []}
2026-04-03 17:08:57 - INFO - [WorkflowMemory] {"workflow_name": "HumanEval_round_9_explicit", "task_id": "HumanEval/16", "entry_point": "count_distinct_characters", "memory_keys": ["stored_solutions"], "memory_summary": {"stored_solutions": {"count": 1, "total_char_length": 295, "latest_char_length": 295}}, "used_memory_keys": []}
2026-04-03 17:08:57 - INFO - explicit summary saved to experiments/humaneval_memory_round9_explicit20/explicit/summary.json
2026-04-03 17:13:23 - INFO - baseline summary saved to experiments/humaneval_memory_baseline/baseline/summary.json
2026-04-03 17:19:41 - INFO - [WorkflowMemory] {"workflow_name": "HumanEval_round_9_explicit", "task_id": "HumanEval/135", "entry_point": "can_arrange", "memory_keys": ["stored_solutions"], "memory_summary": {"stored_solutions": {"count": 1, "total_char_length": 129, "latest_char_length": 129}}, "used_memory_keys": []}
2026-04-03 17:19:48 - INFO - [WorkflowMemory] {"workflow_name": "HumanEval_round_9_explicit", "task_id": "HumanEval/115", "entry_point": "max_fill", "memory_keys": ["stored_solutions"], "memory_summary": {"stored_solutions": {"count": 1, "total_char_length": 154, "latest_char_length": 154}}, "used_memory_keys": []}
2026-04-03 17:19:51 - INFO - [WorkflowMemory] {"workflow_name": "HumanEval_round_9_explicit", "task_id": "HumanEval/131", "entry_point": "digits", "memory_keys": ["stored_solutions"], "memory_summary": {"stored_solutions": {"count": 1, "total_char_length": 419, "latest_char_length": 419}}, "used_memory_keys": []}
2026-04-03 17:19:53 - INFO - [WorkflowMemory] {"workflow_name": "HumanEval_round_9_explicit", "task_id": "HumanEval/55", "entry_point": "fib", "memory_keys": ["stored_solutions"], "memory_summary": {"stored_solutions": {"count": 1, "total_char_length": 214, "latest_char_length": 214}}, "used_memory_keys": []}
2026-04-03 17:19:57 - INFO - [WorkflowMemory] {"workflow_name": "HumanEval_round_9_explicit", "task_id": "HumanEval/95", "entry_point": "check_dict_case", "memory_keys": ["stored_solutions"], "memory_summary": {"stored_solutions": {"count": 1, "total_char_length": 535, "latest_char_length": 535}}, "used_memory_keys": []}
2026-04-03 17:19:57 - INFO - explicit summary saved to experiments/humaneval_memory_explicit/explicit/summary.json
2026-04-03 17:20:48 - INFO - baseline summary saved to experiments/humaneval_memory_baseline/baseline/summary.json
2026-04-03 17:24:35 - INFO - baseline summary saved to experiments/humaneval_memory_baseline_full/baseline/summary.json
2026-04-03 17:25:10 - INFO - [WorkflowMemory] {"workflow_name": "HumanEval_round_9_explicit", "task_id": "HumanEval/135", "entry_point": "can_arrange", "memory_keys": ["stored_solutions"], "memory_summary": {"stored_solutions": {"count": 1, "total_char_length": 424, "latest_char_length": 424}}, "used_memory_keys": []}
2026-04-03 17:25:14 - INFO - [WorkflowMemory] {"workflow_name": "HumanEval_round_9_explicit", "task_id": "HumanEval/115", "entry_point": "max_fill", "memory_keys": ["stored_solutions"], "memory_summary": {"stored_solutions": {"count": 1, "total_char_length": 172, "latest_char_length": 172}}, "used_memory_keys": []}
2026-04-03 17:25:18 - INFO - [WorkflowMemory] {"workflow_name": "HumanEval_round_9_explicit", "task_id": "HumanEval/131", "entry_point": "digits", "memory_keys": ["stored_solutions"], "memory_summary": {"stored_solutions": {"count": 1, "total_char_length": 407, "latest_char_length": 407}}, "used_memory_keys": []}
2026-04-03 17:25:20 - INFO - [WorkflowMemory] {"workflow_name": "HumanEval_round_9_explicit", "task_id": "HumanEval/55", "entry_point": "fib", "memory_keys": ["stored_solutions"], "memory_summary": {"stored_solutions": {"count": 1, "total_char_length": 317, "latest_char_length": 317}}, "used_memory_keys": []}
2026-04-03 17:25:24 - INFO - [WorkflowMemory] {"workflow_name": "HumanEval_round_9_explicit", "task_id": "HumanEval/95", "entry_point": "check_dict_case", "memory_keys": ["stored_solutions"], "memory_summary": {"stored_solutions": {"count": 1, "total_char_length": 504, "latest_char_length": 504}}, "used_memory_keys": []}
2026-04-03 17:25:26 - INFO - [WorkflowMemory] {"workflow_name": "HumanEval_round_9_explicit", "task_id": "HumanEval/29", "entry_point": "filter_by_prefix", "memory_keys": ["stored_solutions"], "memory_summary": {"stored_solutions": {"count": 1, "total_char_length": 365, "latest_char_length": 365}}, "used_memory_keys": []}
2026-04-03 17:25:30 - INFO - [WorkflowMemory] {"workflow_name": "HumanEval_round_9_explicit", "task_id": "HumanEval/157", "entry_point": "right_angle_triangle", "memory_keys": ["stored_solutions"], "memory_summary": {"stored_solutions": {"count": 1, "total_char_length": 469, "latest_char_length": 469}}, "used_memory_keys": []}
2026-04-03 17:25:32 - INFO - [WorkflowMemory] {"workflow_name": "HumanEval_round_9_explicit", "task_id": "HumanEval/51", "entry_point": "remove_vowels", "memory_keys": ["stored_solutions"], "memory_summary": {"stored_solutions": {"count": 1, "total_char_length": 469, "latest_char_length": 469}}, "used_memory_keys": []}
2026-04-03 17:25:35 - INFO - [WorkflowMemory] {"workflow_name": "HumanEval_round_9_explicit", "task_id": "HumanEval/101", "entry_point": "words_string", "memory_keys": ["stored_solutions"], "memory_summary": {"stored_solutions": {"count": 1, "total_char_length": 74, "latest_char_length": 74}}, "used_memory_keys": []}
2026-04-03 17:26:05 - INFO - [WorkflowMemory] {"workflow_name": "HumanEval_round_9_explicit", "task_id": "HumanEval/145", "entry_point": "order_by_points", "memory_keys": ["stored_solutions"], "memory_summary": {"stored_solutions": {"count": 3, "total_char_length": 622, "latest_char_length": 167}}, "used_memory_keys": ["stored_solutions"]}
2026-04-03 17:26:11 - INFO - [WorkflowMemory] {"workflow_name": "HumanEval_round_9_explicit", "task_id": "HumanEval/19", "entry_point": "sort_numbers", "memory_keys": ["stored_solutions"], "memory_summary": {"stored_solutions": {"count": 1, "total_char_length": 622, "latest_char_length": 622}}, "used_memory_keys": []}
2026-04-03 17:26:14 - INFO - [WorkflowMemory] {"workflow_name": "HumanEval_round_9_explicit", "task_id": "HumanEval/85", "entry_point": "add", "memory_keys": ["stored_solutions"], "memory_summary": {"stored_solutions": {"count": 1, "total_char_length": 186, "latest_char_length": 186}}, "used_memory_keys": []}
2026-04-03 17:26:16 - INFO - [WorkflowMemory] {"workflow_name": "HumanEval_round_9_explicit", "task_id": "HumanEval/15", "entry_point": "string_sequence", "memory_keys": ["stored_solutions"], "memory_summary": {"stored_solutions": {"count": 1, "total_char_length": 269, "latest_char_length": 269}}, "used_memory_keys": []}
2026-04-03 17:26:19 - INFO - [WorkflowMemory] {"workflow_name": "HumanEval_round_9_explicit", "task_id": "HumanEval/66", "entry_point": "digitSum", "memory_keys": ["stored_solutions"], "memory_summary": {"stored_solutions": {"count": 1, "total_char_length": 76, "latest_char_length": 76}}, "used_memory_keys": []}
2026-04-03 17:26:21 - INFO - [WorkflowMemory] {"workflow_name": "HumanEval_round_9_explicit", "task_id": "HumanEval/24", "entry_point": "largest_divisor", "memory_keys": ["stored_solutions"], "memory_summary": {"stored_solutions": {"count": 1, "total_char_length": 247, "latest_char_length": 247}}, "used_memory_keys": []}
2026-04-03 17:26:25 - INFO - [WorkflowMemory] {"workflow_name": "HumanEval_round_9_explicit", "task_id": "HumanEval/30", "entry_point": "get_positive", "memory_keys": ["stored_solutions"], "memory_summary": {"stored_solutions": {"count": 1, "total_char_length": 262, "latest_char_length": 262}}, "used_memory_keys": []}
2026-04-03 17:26:34 - INFO - [WorkflowMemory] {"workflow_name": "HumanEval_round_9_explicit", "task_id": "HumanEval/132", "entry_point": "is_nested", "memory_keys": ["stored_solutions"], "memory_summary": {"stored_solutions": {"count": 1, "total_char_length": 349, "latest_char_length": 349}}, "used_memory_keys": []}
2026-04-03 17:26:39 - INFO - [WorkflowMemory] {"workflow_name": "HumanEval_round_9_explicit", "task_id": "HumanEval/105", "entry_point": "by_length", "memory_keys": ["stored_solutions"], "memory_summary": {"stored_solutions": {"count": 1, "total_char_length": 1077, "latest_char_length": 1077}}, "used_memory_keys": []}
2026-04-03 17:26:41 - INFO - [WorkflowMemory] {"workflow_name": "HumanEval_round_9_explicit", "task_id": "HumanEval/152", "entry_point": "compare", "memory_keys": ["stored_solutions"], "memory_summary": {"stored_solutions": {"count": 1, "total_char_length": 86, "latest_char_length": 86}}, "used_memory_keys": []}
2026-04-03 17:26:44 - INFO - [WorkflowMemory] {"workflow_name": "HumanEval_round_9_explicit", "task_id": "HumanEval/16", "entry_point": "count_distinct_characters", "memory_keys": ["stored_solutions"], "memory_summary": {"stored_solutions": {"count": 1, "total_char_length": 295, "latest_char_length": 295}}, "used_memory_keys": []}
2026-04-03 17:26:47 - INFO - [WorkflowMemory] {"workflow_name": "HumanEval_round_9_explicit", "task_id": "HumanEval/75", "entry_point": "is_multiply_prime", "memory_keys": ["stored_solutions"], "memory_summary": {"stored_solutions": {"count": 1, "total_char_length": 612, "latest_char_length": 612}}, "used_memory_keys": []}
2026-04-03 17:26:50 - INFO - [WorkflowMemory] {"workflow_name": "HumanEval_round_9_explicit", "task_id": "HumanEval/18", "entry_point": "how_many_times", "memory_keys": ["stored_solutions"], "memory_summary": {"stored_solutions": {"count": 1, "total_char_length": 495, "latest_char_length": 495}}, "used_memory_keys": []}
2026-04-03 17:26:53 - INFO - [WorkflowMemory] {"workflow_name": "HumanEval_round_9_explicit", "task_id": "HumanEval/12", "entry_point": "longest", "memory_keys": ["stored_solutions"], "memory_summary": {"stored_solutions": {"count": 1, "total_char_length": 445, "latest_char_length": 445}}, "used_memory_keys": []}
2026-04-03 17:26:56 - INFO - [WorkflowMemory] {"workflow_name": "HumanEval_round_9_explicit", "task_id": "HumanEval/9", "entry_point": "rolling_max", "memory_keys": ["stored_solutions"], "memory_summary": {"stored_solutions": {"count": 1, "total_char_length": 491, "latest_char_length": 491}}, "used_memory_keys": []}
2026-04-03 17:26:58 - INFO - [WorkflowMemory] {"workflow_name": "HumanEval_round_9_explicit", "task_id": "HumanEval/31", "entry_point": "is_prime", "memory_keys": ["stored_solutions"], "memory_summary": {"stored_solutions": {"count": 1, "total_char_length": 229, "latest_char_length": 229}}, "used_memory_keys": []}
2026-04-03 17:27:01 - INFO - [WorkflowMemory] {"workflow_name": "HumanEval_round_9_explicit", "task_id": "HumanEval/155", "entry_point": "even_odd_count", "memory_keys": ["stored_solutions"], "memory_summary": {"stored_solutions": {"count": 1, "total_char_length": 424, "latest_char_length": 424}}, "used_memory_keys": []}
2026-04-03 17:27:03 - INFO - [WorkflowMemory] {"workflow_name": "HumanEval_round_9_explicit", "task_id": "HumanEval/98", "entry_point": "count_upper", "memory_keys": ["stored_solutions"], "memory_summary": {"stored_solutions": {"count": 1, "total_char_length": 376, "latest_char_length": 376}}, "used_memory_keys": []}
2026-04-03 17:27:06 - INFO - [WorkflowMemory] {"workflow_name": "HumanEval_round_9_explicit", "task_id": "HumanEval/56", "entry_point": "correct_bracketing", "memory_keys": ["stored_solutions"], "memory_summary": {"stored_solutions": {"count": 1, "total_char_length": 251, "latest_char_length": 251}}, "used_memory_keys": []}
2026-04-03 17:27:12 - INFO - [WorkflowMemory] {"workflow_name": "HumanEval_round_9_explicit", "task_id": "HumanEval/134", "entry_point": "check_if_last_char_is_a_letter", "memory_keys": ["stored_solutions"], "memory_summary": {"stored_solutions": {"count": 1, "total_char_length": 693, "latest_char_length": 693}}, "used_memory_keys": []}
2026-04-03 17:27:14 - INFO - [WorkflowMemory] {"workflow_name": "HumanEval_round_9_explicit", "task_id": "HumanEval/160", "entry_point": "do_algebra", "memory_keys": ["stored_solutions"], "memory_summary": {"stored_solutions": {"count": 1, "total_char_length": 179, "latest_char_length": 179}}, "used_memory_keys": []}
2026-04-03 17:27:16 - INFO - [WorkflowMemory] {"workflow_name": "HumanEval_round_9_explicit", "task_id": "HumanEval/139", "entry_point": "special_factorial", "memory_keys": ["stored_solutions"], "memory_summary": {"stored_solutions": {"count": 1, "total_char_length": 225, "latest_char_length": 225}}, "used_memory_keys": []}
2026-04-03 17:27:19 - INFO - [WorkflowMemory] {"workflow_name": "HumanEval_round_9_explicit", "task_id": "HumanEval/78", "entry_point": "hex_key", "memory_keys": ["stored_solutions"], "memory_summary": {"stored_solutions": {"count": 1, "total_char_length": 183, "latest_char_length": 183}}, "used_memory_keys": []}
2026-04-03 17:27:21 - INFO - [WorkflowMemory] {"workflow_name": "HumanEval_round_9_explicit", "task_id": "HumanEval/60", "entry_point": "sum_to_n", "memory_keys": ["stored_solutions"], "memory_summary": {"stored_solutions": {"count": 1, "total_char_length": 266, "latest_char_length": 266}}, "used_memory_keys": []}
2026-04-03 17:27:21 - INFO - explicit summary saved to experiments/humaneval_memory_explicit_full/explicit/summary.json
2026-04-03 17:33:18 - INFO - baseline summary saved to experiments/humaneval_memory_compare_full/baseline/summary.json
2026-04-03 17:33:21 - INFO - [WorkflowMemory] {"workflow_name": "HumanEval_round_9_explicit", "task_id": "HumanEval/135", "entry_point": "can_arrange", "memory_keys": ["stored_solutions"], "memory_summary": {"stored_solutions": {"count": 1, "total_char_length": 129, "latest_char_length": 129}}, "used_memory_keys": []}
2026-04-03 17:33:28 - INFO - [WorkflowMemory] {"workflow_name": "HumanEval_round_9_explicit", "task_id": "HumanEval/115", "entry_point": "max_fill", "memory_keys": ["stored_solutions"], "memory_summary": {"stored_solutions": {"count": 1, "total_char_length": 196, "latest_char_length": 196}}, "used_memory_keys": []}
2026-04-03 17:33:32 - INFO - [WorkflowMemory] {"workflow_name": "HumanEval_round_9_explicit", "task_id": "HumanEval/131", "entry_point": "digits", "memory_keys": ["stored_solutions"], "memory_summary": {"stored_solutions": {"count": 1, "total_char_length": 210, "latest_char_length": 210}}, "used_memory_keys": []}
2026-04-03 17:33:34 - INFO - [WorkflowMemory] {"workflow_name": "HumanEval_round_9_explicit", "task_id": "HumanEval/55", "entry_point": "fib", "memory_keys": ["stored_solutions"], "memory_summary": {"stored_solutions": {"count": 1, "total_char_length": 313, "latest_char_length": 313}}, "used_memory_keys": []}
2026-04-03 17:33:37 - INFO - [WorkflowMemory] {"workflow_name": "HumanEval_round_9_explicit", "task_id": "HumanEval/95", "entry_point": "check_dict_case", "memory_keys": ["stored_solutions"], "memory_summary": {"stored_solutions": {"count": 1, "total_char_length": 499, "latest_char_length": 499}}, "used_memory_keys": []}
2026-04-03 17:33:41 - INFO - [WorkflowMemory] {"workflow_name": "HumanEval_round_9_explicit", "task_id": "HumanEval/29", "entry_point": "filter_by_prefix", "memory_keys": ["stored_solutions"], "memory_summary": {"stored_solutions": {"count": 1, "total_char_length": 364, "latest_char_length": 364}}, "used_memory_keys": []}
2026-04-03 17:33:43 - INFO - [WorkflowMemory] {"workflow_name": "HumanEval_round_9_explicit", "task_id": "HumanEval/157", "entry_point": "right_angle_triangle", "memory_keys": ["stored_solutions"], "memory_summary": {"stored_solutions": {"count": 1, "total_char_length": 469, "latest_char_length": 469}}, "used_memory_keys": []}
2026-04-03 17:33:46 - INFO - [WorkflowMemory] {"workflow_name": "HumanEval_round_9_explicit", "task_id": "HumanEval/51", "entry_point": "remove_vowels", "memory_keys": ["stored_solutions"], "memory_summary": {"stored_solutions": {"count": 1, "total_char_length": 473, "latest_char_length": 473}}, "used_memory_keys": []}
2026-04-03 17:33:52 - INFO - [WorkflowMemory] {"workflow_name": "HumanEval_round_9_explicit", "task_id": "HumanEval/101", "entry_point": "words_string", "memory_keys": ["stored_solutions"], "memory_summary": {"stored_solutions": {"count": 1, "total_char_length": 103, "latest_char_length": 103}}, "used_memory_keys": []}
2026-04-03 17:34:28 - INFO - [WorkflowMemory] {"workflow_name": "HumanEval_round_9_explicit", "task_id": "HumanEval/145", "entry_point": "order_by_points", "memory_keys": ["stored_solutions"], "memory_summary": {"stored_solutions": {"count": 3, "total_char_length": 512, "latest_char_length": 168}}, "used_memory_keys": ["stored_solutions"]}
2026-04-03 17:34:33 - INFO - [WorkflowMemory] {"workflow_name": "HumanEval_round_9_explicit", "task_id": "HumanEval/19", "entry_point": "sort_numbers", "memory_keys": ["stored_solutions"], "memory_summary": {"stored_solutions": {"count": 1, "total_char_length": 645, "latest_char_length": 645}}, "used_memory_keys": []}
2026-04-03 17:34:35 - INFO - [WorkflowMemory] {"workflow_name": "HumanEval_round_9_explicit", "task_id": "HumanEval/85", "entry_point": "add", "memory_keys": ["stored_solutions"], "memory_summary": {"stored_solutions": {"count": 1, "total_char_length": 238, "latest_char_length": 238}}, "used_memory_keys": []}
2026-04-03 17:34:38 - INFO - [WorkflowMemory] {"workflow_name": "HumanEval_round_9_explicit", "task_id": "HumanEval/15", "entry_point": "string_sequence", "memory_keys": ["stored_solutions"], "memory_summary": {"stored_solutions": {"count": 1, "total_char_length": 269, "latest_char_length": 269}}, "used_memory_keys": []}
2026-04-03 17:34:41 - INFO - [WorkflowMemory] {"workflow_name": "HumanEval_round_9_explicit", "task_id": "HumanEval/66", "entry_point": "digitSum", "memory_keys": ["stored_solutions"], "memory_summary": {"stored_solutions": {"count": 1, "total_char_length": 76, "latest_char_length": 76}}, "used_memory_keys": []}
2026-04-03 17:34:43 - INFO - [WorkflowMemory] {"workflow_name": "HumanEval_round_9_explicit", "task_id": "HumanEval/24", "entry_point": "largest_divisor", "memory_keys": ["stored_solutions"], "memory_summary": {"stored_solutions": {"count": 1, "total_char_length": 248, "latest_char_length": 248}}, "used_memory_keys": []}
2026-04-03 17:34:46 - INFO - [WorkflowMemory] {"workflow_name": "HumanEval_round_9_explicit", "task_id": "HumanEval/30", "entry_point": "get_positive", "memory_keys": ["stored_solutions"], "memory_summary": {"stored_solutions": {"count": 1, "total_char_length": 262, "latest_char_length": 262}}, "used_memory_keys": []}
2026-04-03 17:35:22 - INFO - [WorkflowMemory] {"workflow_name": "HumanEval_round_9_explicit", "task_id": "HumanEval/132", "entry_point": "is_nested", "memory_keys": ["stored_solutions"], "memory_summary": {"stored_solutions": {"count": 3, "total_char_length": 1053, "latest_char_length": 351}}, "used_memory_keys": ["stored_solutions"]}
2026-04-03 17:35:30 - INFO - [WorkflowMemory] {"workflow_name": "HumanEval_round_9_explicit", "task_id": "HumanEval/105", "entry_point": "by_length", "memory_keys": ["stored_solutions"], "memory_summary": {"stored_solutions": {"count": 1, "total_char_length": 606, "latest_char_length": 606}}, "used_memory_keys": []}
2026-04-03 17:35:33 - INFO - [WorkflowMemory] {"workflow_name": "HumanEval_round_9_explicit", "task_id": "HumanEval/152", "entry_point": "compare", "memory_keys": ["stored_solutions"], "memory_summary": {"stored_solutions": {"count": 1, "total_char_length": 78, "latest_char_length": 78}}, "used_memory_keys": []}
2026-04-03 17:35:36 - INFO - [WorkflowMemory] {"workflow_name": "HumanEval_round_9_explicit", "task_id": "HumanEval/16", "entry_point": "count_distinct_characters", "memory_keys": ["stored_solutions"], "memory_summary": {"stored_solutions": {"count": 1, "total_char_length": 295, "latest_char_length": 295}}, "used_memory_keys": []}
2026-04-03 17:35:39 - INFO - [WorkflowMemory] {"workflow_name": "HumanEval_round_9_explicit", "task_id": "HumanEval/75", "entry_point": "is_multiply_prime", "memory_keys": ["stored_solutions"], "memory_summary": {"stored_solutions": {"count": 1, "total_char_length": 500, "latest_char_length": 500}}, "used_memory_keys": []}
2026-04-03 17:35:41 - INFO - [WorkflowMemory] {"workflow_name": "HumanEval_round_9_explicit", "task_id": "HumanEval/18", "entry_point": "how_many_times", "memory_keys": ["stored_solutions"], "memory_summary": {"stored_solutions": {"count": 1, "total_char_length": 480, "latest_char_length": 480}}, "used_memory_keys": []}
2026-04-03 17:35:44 - INFO - [WorkflowMemory] {"workflow_name": "HumanEval_round_9_explicit", "task_id": "HumanEval/12", "entry_point": "longest", "memory_keys": ["stored_solutions"], "memory_summary": {"stored_solutions": {"count": 1, "total_char_length": 579, "latest_char_length": 579}}, "used_memory_keys": []}
2026-04-03 17:35:47 - INFO - [WorkflowMemory] {"workflow_name": "HumanEval_round_9_explicit", "task_id": "HumanEval/9", "entry_point": "rolling_max", "memory_keys": ["stored_solutions"], "memory_summary": {"stored_solutions": {"count": 1, "total_char_length": 478, "latest_char_length": 478}}, "used_memory_keys": []}
2026-04-03 17:35:51 - INFO - [WorkflowMemory] {"workflow_name": "HumanEval_round_9_explicit", "task_id": "HumanEval/31", "entry_point": "is_prime", "memory_keys": ["stored_solutions"], "memory_summary": {"stored_solutions": {"count": 1, "total_char_length": 229, "latest_char_length": 229}}, "used_memory_keys": []}
2026-04-03 17:35:54 - INFO - [WorkflowMemory] {"workflow_name": "HumanEval_round_9_explicit", "task_id": "HumanEval/155", "entry_point": "even_odd_count", "memory_keys": ["stored_solutions"], "memory_summary": {"stored_solutions": {"count": 1, "total_char_length": 423, "latest_char_length": 423}}, "used_memory_keys": []}
2026-04-03 17:35:57 - INFO - [WorkflowMemory] {"workflow_name": "HumanEval_round_9_explicit", "task_id": "HumanEval/98", "entry_point": "count_upper", "memory_keys": ["stored_solutions"], "memory_summary": {"stored_solutions": {"count": 1, "total_char_length": 376, "latest_char_length": 376}}, "used_memory_keys": []}
2026-04-03 17:36:00 - INFO - [WorkflowMemory] {"workflow_name": "HumanEval_round_9_explicit", "task_id": "HumanEval/56", "entry_point": "correct_bracketing", "memory_keys": ["stored_solutions"], "memory_summary": {"stored_solutions": {"count": 1, "total_char_length": 251, "latest_char_length": 251}}, "used_memory_keys": []}
2026-04-03 17:36:42 - INFO - [WorkflowMemory] {"workflow_name": "HumanEval_round_9_explicit", "task_id": "HumanEval/134", "entry_point": "check_if_last_char_is_a_letter", "memory_keys": ["stored_solutions"], "memory_summary": {"stored_solutions": {"count": 3, "total_char_length": 609, "latest_char_length": 166}}, "used_memory_keys": ["stored_solutions"]}
2026-04-03 17:36:48 - INFO - [WorkflowMemory] {"workflow_name": "HumanEval_round_9_explicit", "task_id": "HumanEval/160", "entry_point": "do_algebra", "memory_keys": ["stored_solutions"], "memory_summary": {"stored_solutions": {"count": 1, "total_char_length": 229, "latest_char_length": 229}}, "used_memory_keys": []}
2026-04-03 17:36:50 - INFO - [WorkflowMemory] {"workflow_name": "HumanEval_round_9_explicit", "task_id": "HumanEval/139", "entry_point": "special_factorial", "memory_keys": ["stored_solutions"], "memory_summary": {"stored_solutions": {"count": 1, "total_char_length": 356, "latest_char_length": 356}}, "used_memory_keys": []}
2026-04-03 17:36:53 - INFO - [WorkflowMemory] {"workflow_name": "HumanEval_round_9_explicit", "task_id": "HumanEval/78", "entry_point": "hex_key", "memory_keys": ["stored_solutions"], "memory_summary": {"stored_solutions": {"count": 1, "total_char_length": 185, "latest_char_length": 185}}, "used_memory_keys": []}
2026-04-03 17:36:55 - INFO - [WorkflowMemory] {"workflow_name": "HumanEval_round_9_explicit", "task_id": "HumanEval/60", "entry_point": "sum_to_n", "memory_keys": ["stored_solutions"], "memory_summary": {"stored_solutions": {"count": 1, "total_char_length": 259, "latest_char_length": 259}}, "used_memory_keys": []}
2026-04-03 17:36:55 - INFO - explicit summary saved to experiments/humaneval_memory_compare_full/explicit/summary.json
2026-04-03 17:36:55 - INFO - comparison saved to experiments/humaneval_memory_compare_full/comparison.json
